{"contracts/ITrustBet.sol":{"l":{},"path":"/home/daniel/Development/github.com/cleanunicorn/trustbet/contracts/ITrustBet.sol","s":{},"b":{},"f":{},"fnMap":{},"statementMap":{},"branchMap":{}},"contracts/TrustBet.sol":{"l":{"68":29,"69":29,"70":29,"71":29,"72":29,"73":29,"74":29,"75":29,"76":29,"78":29,"80":29,"82":29,"92":29,"132":6,"134":5,"137":5,"138":5,"139":5,"143":5,"145":5,"192":3,"194":2,"196":1,"208":16,"210":16,"212":16,"214":14,"216":14,"234":37,"236":35,"238":35,"239":33,"240":31,"241":29,"244":27,"245":27,"246":27,"248":27,"251":27,"253":27,"273":21,"275":19,"277":19,"278":17,"279":15,"280":13,"282":11,"283":11,"285":11,"291":11,"292":11,"293":11,"294":22,"297":22,"298":7,"302":15,"303":2,"310":11,"311":2,"312":2,"319":9,"320":2,"321":2},"path":"/home/daniel/Development/github.com/cleanunicorn/trustbet/contracts/TrustBet.sol","s":{"1":29,"2":29,"3":29,"4":29,"5":29,"6":29,"7":29,"8":29,"9":29,"10":29,"11":29,"12":29,"13":29,"14":6,"15":5,"16":5,"17":5,"18":5,"19":5,"20":5,"21":3,"22":2,"23":1,"24":16,"25":16,"26":16,"27":14,"28":14,"29":37,"30":35,"31":35,"32":33,"33":31,"34":29,"35":27,"36":27,"37":27,"38":27,"39":27,"40":27,"41":21,"42":19,"43":19,"44":17,"45":15,"46":13,"47":11,"48":11,"49":11,"50":11,"51":11,"52":11,"53":22,"54":22,"55":7,"56":15,"57":2,"58":11,"59":2,"60":2,"61":9,"62":2,"63":2},"b":{"1":[5,1],"2":[2,1],"3":[1,1],"4":[16,0],"5":[14,2],"6":[35,2],"7":[33,2],"8":[31,2],"9":[29,2],"10":[27,2],"11":[19,2],"12":[17,2],"13":[15,2],"14":[13,2],"15":[11,2],"16":[7,15],"17":[2,13],"18":[2,9],"19":[2,7]},"f":{"1":29,"2":6,"3":3,"4":16,"5":37,"6":21,"7":0},"fnMap":{"1":{"name":"createBet","line":54,"loc":{"start":{"line":54,"column":4},"end":{"line":67,"column":5}}},"2":{"name":"betDetails","line":99,"loc":{"start":{"line":99,"column":4},"end":{"line":131,"column":5}}},"3":{"name":"betSelectedOption","line":180,"loc":{"start":{"line":180,"column":4},"end":{"line":191,"column":5}}},"4":{"name":"startBet","line":204,"loc":{"start":{"line":204,"column":4},"end":{"line":207,"column":5}}},"5":{"name":"acceptBet","line":226,"loc":{"start":{"line":226,"column":4},"end":{"line":233,"column":5}}},"6":{"name":"postBetResult","line":266,"loc":{"start":{"line":266,"column":4},"end":{"line":272,"column":5}}},"7":{"name":"closeBet","line":332,"loc":{"start":{"line":332,"column":4},"end":{"line":336,"column":5}}}},"statementMap":{"1":{"start":{"line":68,"column":8},"end":{"line":68,"column":22}},"2":{"start":{"line":69,"column":8},"end":{"line":69,"column":22}},"3":{"start":{"line":70,"column":8},"end":{"line":70,"column":36}},"4":{"start":{"line":71,"column":8},"end":{"line":71,"column":28}},"5":{"start":{"line":72,"column":8},"end":{"line":72,"column":24}},"6":{"start":{"line":73,"column":8},"end":{"line":73,"column":28}},"7":{"start":{"line":74,"column":8},"end":{"line":74,"column":31}},"8":{"start":{"line":75,"column":8},"end":{"line":75,"column":42}},"9":{"start":{"line":76,"column":8},"end":{"line":76,"column":41}},"10":{"start":{"line":78,"column":8},"end":{"line":78,"column":22}},"11":{"start":{"line":80,"column":8},"end":{"line":80,"column":37}},"12":{"start":{"line":82,"column":8},"end":{"line":82,"column":2064}},"13":{"start":{"line":92,"column":8},"end":{"line":92,"column":20}},"14":{"start":{"line":132,"column":8},"end":{"line":132,"column":59}},"15":{"start":{"line":134,"column":8},"end":{"line":134,"column":38}},"16":{"start":{"line":137,"column":8},"end":{"line":137,"column":74}},"17":{"start":{"line":138,"column":8},"end":{"line":138,"column":3428}},"18":{"start":{"line":139,"column":12},"end":{"line":139,"column":83}},"19":{"start":{"line":143,"column":8},"end":{"line":143,"column":70}},"20":{"start":{"line":145,"column":8},"end":{"line":145,"column":3708}},"21":{"start":{"line":192,"column":8},"end":{"line":192,"column":59}},"22":{"start":{"line":194,"column":8},"end":{"line":194,"column":80}},"23":{"start":{"line":196,"column":8},"end":{"line":196,"column":65}},"24":{"start":{"line":208,"column":8},"end":{"line":208,"column":38}},"25":{"start":{"line":210,"column":8},"end":{"line":210,"column":89}},"26":{"start":{"line":212,"column":8},"end":{"line":212,"column":79}},"27":{"start":{"line":214,"column":8},"end":{"line":214,"column":37}},"28":{"start":{"line":216,"column":8},"end":{"line":216,"column":5701}},"29":{"start":{"line":234,"column":8},"end":{"line":234,"column":59}},"30":{"start":{"line":236,"column":8},"end":{"line":236,"column":38}},"31":{"start":{"line":238,"column":8},"end":{"line":238,"column":94}},"32":{"start":{"line":239,"column":8},"end":{"line":239,"column":82}},"33":{"start":{"line":240,"column":8},"end":{"line":240,"column":77}},"34":{"start":{"line":241,"column":8},"end":{"line":241,"column":91}},"35":{"start":{"line":244,"column":8},"end":{"line":244,"column":55}},"36":{"start":{"line":245,"column":8},"end":{"line":245,"column":27}},"37":{"start":{"line":246,"column":8},"end":{"line":246,"column":55}},"38":{"start":{"line":248,"column":8},"end":{"line":248,"column":36}},"39":{"start":{"line":251,"column":8},"end":{"line":251,"column":40}},"40":{"start":{"line":253,"column":8},"end":{"line":253,"column":6945}},"41":{"start":{"line":273,"column":8},"end":{"line":273,"column":59}},"42":{"start":{"line":275,"column":8},"end":{"line":275,"column":38}},"43":{"start":{"line":277,"column":8},"end":{"line":277,"column":91}},"44":{"start":{"line":278,"column":8},"end":{"line":278,"column":80}},"45":{"start":{"line":279,"column":8},"end":{"line":279,"column":79}},"46":{"start":{"line":280,"column":8},"end":{"line":280,"column":95}},"47":{"start":{"line":282,"column":8},"end":{"line":282,"column":55}},"48":{"start":{"line":283,"column":8},"end":{"line":283,"column":56}},"49":{"start":{"line":285,"column":8},"end":{"line":285,"column":8050}},"50":{"start":{"line":291,"column":8},"end":{"line":291,"column":30}},"51":{"start":{"line":292,"column":8},"end":{"line":292,"column":36}},"52":{"start":{"line":293,"column":8},"end":{"line":293,"column":8282}},"53":{"start":{"line":294,"column":12},"end":{"line":294,"column":72}},"54":{"start":{"line":297,"column":12},"end":{"line":297,"column":8475}},"55":{"start":{"line":298,"column":16},"end":{"line":298,"column":33}},"56":{"start":{"line":302,"column":16},"end":{"line":302,"column":8726}},"57":{"start":{"line":303,"column":20},"end":{"line":303,"column":41}},"58":{"start":{"line":310,"column":8},"end":{"line":310,"column":9051}},"59":{"start":{"line":311,"column":12},"end":{"line":311,"column":40}},"60":{"start":{"line":312,"column":12},"end":{"line":312,"column":9149}},"61":{"start":{"line":319,"column":12},"end":{"line":319,"column":9436}},"62":{"start":{"line":320,"column":16},"end":{"line":320,"column":46}},"63":{"start":{"line":321,"column":16},"end":{"line":321,"column":9529}}},"branchMap":{"1":{"line":132,"type":"if","locations":[{"start":{"line":132,"column":8},"end":{"line":132,"column":8}},{"start":{"line":132,"column":8},"end":{"line":132,"column":8}}]},"2":{"line":192,"type":"if","locations":[{"start":{"line":192,"column":8},"end":{"line":192,"column":8}},{"start":{"line":192,"column":8},"end":{"line":192,"column":8}}]},"3":{"line":194,"type":"if","locations":[{"start":{"line":194,"column":8},"end":{"line":194,"column":8}},{"start":{"line":194,"column":8},"end":{"line":194,"column":8}}]},"4":{"line":210,"type":"if","locations":[{"start":{"line":210,"column":8},"end":{"line":210,"column":8}},{"start":{"line":210,"column":8},"end":{"line":210,"column":8}}]},"5":{"line":212,"type":"if","locations":[{"start":{"line":212,"column":8},"end":{"line":212,"column":8}},{"start":{"line":212,"column":8},"end":{"line":212,"column":8}}]},"6":{"line":234,"type":"if","locations":[{"start":{"line":234,"column":8},"end":{"line":234,"column":8}},{"start":{"line":234,"column":8},"end":{"line":234,"column":8}}]},"7":{"line":238,"type":"if","locations":[{"start":{"line":238,"column":8},"end":{"line":238,"column":8}},{"start":{"line":238,"column":8},"end":{"line":238,"column":8}}]},"8":{"line":239,"type":"if","locations":[{"start":{"line":239,"column":8},"end":{"line":239,"column":8}},{"start":{"line":239,"column":8},"end":{"line":239,"column":8}}]},"9":{"line":240,"type":"if","locations":[{"start":{"line":240,"column":8},"end":{"line":240,"column":8}},{"start":{"line":240,"column":8},"end":{"line":240,"column":8}}]},"10":{"line":241,"type":"if","locations":[{"start":{"line":241,"column":8},"end":{"line":241,"column":8}},{"start":{"line":241,"column":8},"end":{"line":241,"column":8}}]},"11":{"line":273,"type":"if","locations":[{"start":{"line":273,"column":8},"end":{"line":273,"column":8}},{"start":{"line":273,"column":8},"end":{"line":273,"column":8}}]},"12":{"line":277,"type":"if","locations":[{"start":{"line":277,"column":8},"end":{"line":277,"column":8}},{"start":{"line":277,"column":8},"end":{"line":277,"column":8}}]},"13":{"line":278,"type":"if","locations":[{"start":{"line":278,"column":8},"end":{"line":278,"column":8}},{"start":{"line":278,"column":8},"end":{"line":278,"column":8}}]},"14":{"line":279,"type":"if","locations":[{"start":{"line":279,"column":8},"end":{"line":279,"column":8}},{"start":{"line":279,"column":8},"end":{"line":279,"column":8}}]},"15":{"line":280,"type":"if","locations":[{"start":{"line":280,"column":8},"end":{"line":280,"column":8}},{"start":{"line":280,"column":8},"end":{"line":280,"column":8}}]},"16":{"line":297,"type":"if","locations":[{"start":{"line":297,"column":12},"end":{"line":297,"column":12}},{"start":{"line":297,"column":12},"end":{"line":297,"column":12}}]},"17":{"line":302,"type":"if","locations":[{"start":{"line":302,"column":16},"end":{"line":302,"column":16}},{"start":{"line":302,"column":16},"end":{"line":302,"column":16}}]},"18":{"line":310,"type":"if","locations":[{"start":{"line":310,"column":8},"end":{"line":310,"column":8}},{"start":{"line":310,"column":8},"end":{"line":310,"column":8}}]},"19":{"line":319,"type":"if","locations":[{"start":{"line":319,"column":12},"end":{"line":319,"column":12}},{"start":{"line":319,"column":12},"end":{"line":319,"column":12}}]}}}}